<?xml version="1.0" encoding="UTF-8"?>
<!-- Generated by org.testng.reporters.JUnitReportReporter -->
<testsuite hostname="kates-air.internet" name="ru.mail.tests.LoginTest" tests="3" failures="0" timestamp="29 May 2015 16:57:33 GMT" time="25.440" errors="0">
  <testcase name="unsuccessfulLoginTest" time="8.028" classname="ru.mail.tests.LoginTest"/>
  <testcase name="checkEmailTest" time="8.519" classname="ru.mail.tests.LoginTest"/>
  <testcase name="successfulLoginTest" time="8.893" classname="ru.mail.tests.LoginTest"/>
</testsuite> <!-- ru.mail.tests.LoginTest -->
