<?xml version="1.0" encoding="UTF-8"?>
<!-- Generated by org.testng.reporters.JUnitReportReporter -->
<testsuite hostname="kates-air" name="ru.mail.tests.LoginTest" tests="3" failures="0" timestamp="18 May 2015 16:16:26 GMT" time="26.543" errors="0">
  <testcase name="successfulLoginTest" time="15.132" classname="ru.mail.tests.LoginTest"/>
  <testcase name="unsuccessfulLoginTest" time="7.136" classname="ru.mail.tests.LoginTest"/>
  <testcase name="checkEmailTest" time="4.275" classname="ru.mail.tests.LoginTest"/>
</testsuite> <!-- ru.mail.tests.LoginTest -->
