<?xml version="1.0" encoding="UTF-8"?>
<!-- Generated by org.testng.reporters.JUnitReportReporter -->
<testsuite name="ru.mail.tests.LoginTest" tests="3" failures="0" timestamp="25 May 2015 16:38:32 GMT" time="19.349" errors="0">
  <testcase name="unsuccessfulLoginTest" time="5.918" classname="ru.mail.tests.LoginTest"/>
  <testcase name="successfulLoginTest" time="8.976" classname="ru.mail.tests.LoginTest"/>
  <testcase name="checkEmailTest" time="4.455" classname="ru.mail.tests.LoginTest"/>
</testsuite> <!-- ru.mail.tests.LoginTest -->
